0 info it worked if it ends with ok
1 verbose cli [ '/Users/noah/.nvm/v0.8.22/bin/node',
1 verbose cli   '/Users/noah/.nvm/v0.8.22/bin/npm',
1 verbose cli   'init' ]
2 info using npm@1.2.14
3 info using node@v0.8.22
4 verbose read json /users/noah/src/node/cradle-nconf/package.json
5 silly package data undefined
6 info init written successfully
7 error Error: canceled
7 error     at Interface.<anonymous> (/Users/noah/.nvm/v0.8.22/lib/node_modules/npm/node_modules/read/lib/read.js:65:13)
7 error     at Interface.EventEmitter.emit (events.js:126:20)
7 error     at Interface._ttyWrite (readline.js:607:16)
7 error     at ReadStream.onkeypress (readline.js:97:10)
7 error     at ReadStream.EventEmitter.emit (events.js:126:20)
7 error     at emitKey (readline.js:1058:12)
7 error     at ReadStream.onData (readline.js:807:7)
7 error     at ReadStream.EventEmitter.emit (events.js:96:17)
7 error     at TTY.onread (net.js:397:14)
8 error If you need help, you may report this log at:
8 error     <http://github.com/isaacs/npm/issues>
8 error or email it to:
8 error     <npm-@googlegroups.com>
9 error System Darwin 11.4.0
10 error command "/Users/noah/.nvm/v0.8.22/bin/node" "/Users/noah/.nvm/v0.8.22/bin/npm" "init"
11 error cwd /users/noah/src/node/cradle-nconf
12 error node -v v0.8.22
13 error npm -v 1.2.14
14 verbose exit [ 1, true ]
